2025-04-18 11:21:07 INFO  BaseTest:28 - Loading properties file
2025-04-18 11:22:05 INFO  BaseTest:28 - Loading properties file
2025-04-18 11:22:08 INFO  BaseTest:47 - Driver instance created for browser: edgeSuccessfully
2025-04-18 11:22:09 INFO  BaseTest:47 - Driver instance created for browser: chromeSuccessfully
2025-04-18 11:22:11 INFO  BaseTest:47 - Driver instance created for browser: firefoxSuccessfully
2025-04-18 11:23:03 INFO  BaseTest:28 - Loading properties file
2025-04-18 11:23:05 INFO  BaseTest:47 - Driver instance created for browser: edgeSuccessfully
2025-04-18 11:23:06 INFO  BaseTest:47 - Driver instance created for browser: chromeSuccessfully
2025-04-18 11:23:08 INFO  BaseTest:47 - Driver instance created for browser: firefoxSuccessfully
2025-04-18 16:19:00 INFO  BaseTest:28 - Loading properties file
2025-04-18 16:19:08 INFO  BaseTest:47 - Driver instance created for browser: edgeSuccessfully
2025-04-18 16:19:10 INFO  BaseTest:47 - Driver instance created for browser: chromeSuccessfully
2025-04-18 16:19:16 INFO  BaseTest:47 - Driver instance created for browser: firefoxSuccessfully
2025-04-18 16:20:54 INFO  BaseTest:28 - Loading properties file
2025-04-18 16:20:56 INFO  BaseTest:28 - Loading properties file
2025-04-18 16:21:03 INFO  BaseTest:47 - Driver instance created for browser: chromeSuccessfully
2025-04-18 16:21:03 INFO  BaseTest:47 - Driver instance created for browser: edgeSuccessfully
2025-04-18 16:21:07 INFO  BaseTest:47 - Driver instance created for browser: chromeSuccessfully
2025-04-18 16:21:11 INFO  BaseTest:47 - Driver instance created for browser: edgeSuccessfully
2025-04-18 16:21:20 INFO  BaseTest:47 - Driver instance created for browser: firefoxSuccessfully
2025-04-18 16:21:30 INFO  BaseTest:62 - EdgeDriver: MicrosoftEdge on windows (adb2724d1f0a2a55c1ee37eced8b678b) Closing the browser
2025-04-18 16:21:30 INFO  BaseTest:62 - ChromeDriver: chrome on windows (f7d7020d1cc28873e090208b9275734a) Closing the browser
2025-04-18 16:21:30 INFO  BaseTest:62 - EdgeDriver: MicrosoftEdge on windows (71a24d8a9859b0dcb792c6d348c65111) Closing the browser
2025-04-18 16:21:30 INFO  BaseTest:62 - ChromeDriver: chrome on windows (1622c095c8943430c51288c7e13ee208) Closing the browser
2025-04-18 16:21:33 INFO  BaseTest:47 - Driver instance created for browser: firefoxSuccessfully
2025-04-18 16:21:44 INFO  BaseTest:62 - FirefoxDriver: firefox on windows (98a6945e-f8e8-44d3-8087-8a2c6a5cc205) Closing the browser
2025-04-18 16:21:55 INFO  BaseTest:62 - FirefoxDriver: firefox on windows (f18d14c4-3e56-4ea1-966a-6cf40fa6d0a3) Closing the browser
2025-04-18 16:33:25 INFO  BaseTest:28 - Loading properties file
2025-04-18 16:33:25 INFO  PropertyUtil:29 - Properties file loaded successfully
2025-04-18 16:33:32 INFO  BaseTest:47 - Driver instance created for browser: chromeSuccessfully
2025-04-18 16:33:32 INFO  BaseTest:47 - Driver instance created for browser: edgeSuccessfully
2025-04-18 16:33:34 INFO  LoginTest:17 - Navigated to URL: https://opensource-demo.orangehrmlive.com/web/index.php/auth/login
2025-04-18 16:33:34 INFO  LoginTest:17 - Navigated to URL: https://opensource-demo.orangehrmlive.com/web/index.php/auth/login
2025-04-18 16:33:40 INFO  LoginTest:19 - Login successful
2025-04-18 16:33:40 INFO  BaseTest:62 - ChromeDriver: chrome on windows (5a69f81c96f787ab7ea761bd5d6ee985) Closing the browser
2025-04-18 16:33:41 INFO  LoginTest:19 - Login successful
2025-04-18 16:33:41 INFO  BaseTest:62 - EdgeDriver: MicrosoftEdge on windows (ee2ee2a7bb15cb10664c40f52a8da1cc) Closing the browser
2025-04-18 16:33:41 INFO  BaseTest:47 - Driver instance created for browser: firefoxSuccessfully
2025-04-18 16:33:48 INFO  LoginTest:17 - Navigated to URL: https://opensource-demo.orangehrmlive.com/web/index.php/auth/login
2025-04-18 16:33:52 INFO  LoginTest:19 - Login successful
2025-04-18 16:33:52 INFO  BaseTest:62 - FirefoxDriver: firefox on windows (ca48027e-6af9-4431-94dd-d6f6e942a91e) Closing the browser
2025-04-18 16:35:43 INFO  BaseTest:29 - Loading properties file
2025-04-18 16:35:43 INFO  PropertyUtil:29 - Properties file loaded successfully
2025-04-18 16:35:49 INFO  BaseTest:47 - Driver instance created for browser: edge Successfully
2025-04-18 16:35:49 INFO  BaseTest:47 - Driver instance created for browser: chrome Successfully
2025-04-18 16:35:52 INFO  LoginTest:17 - Navigated to URL: https://opensource-demo.orangehrmlive.com/web/index.php/auth/login
2025-04-18 16:35:54 INFO  LoginTest:19 - Login successful
2025-04-18 16:35:54 INFO  BaseTest:61 - ChromeDriver: chrome on windows (d68e00f45c0d4939ea61f51a5506b46b) Closing the browser
2025-04-18 16:35:56 INFO  LoginTest:17 - Navigated to URL: https://opensource-demo.orangehrmlive.com/web/index.php/auth/login
2025-04-18 16:35:57 INFO  BaseTest:47 - Driver instance created for browser: firefox Successfully
2025-04-18 16:36:01 INFO  LoginTest:17 - Navigated to URL: https://opensource-demo.orangehrmlive.com/web/index.php/auth/login
2025-04-18 16:36:01 INFO  LoginTest:19 - Login successful
2025-04-18 16:36:01 INFO  BaseTest:61 - EdgeDriver: MicrosoftEdge on windows (23490c7c0e7de5c7b322997b8974cbf8) Closing the browser
2025-04-18 16:36:04 INFO  LoginTest:19 - Login successful
2025-04-18 16:36:04 INFO  BaseTest:61 - FirefoxDriver: firefox on windows (877c8249-0576-48dd-9575-b95633ba64bf) Closing the browser
2025-04-18 16:40:10 INFO  BaseTest:29 - Loading properties file
2025-04-18 16:40:10 INFO  PropertyUtil:29 - Properties file loaded successfully
2025-04-18 16:46:02 INFO  BaseTest:29 - Loading properties file
2025-04-18 16:46:02 INFO  PropertyUtil:29 - Properties file loaded successfully
2025-04-18 16:46:09 INFO  BaseTest:47 - Driver instance created for browser: edge Successfully
2025-04-18 16:46:09 INFO  BaseTest:47 - Driver instance created for browser: chrome Successfully
2025-04-18 16:46:11 INFO  LoginTest:17 - Navigated to URL: https://opensource-demo.orangehrmlive.com/web/index.php/auth/login
2025-04-18 16:46:11 INFO  LoginTest:17 - Navigated to URL: https://opensource-demo.orangehrmlive.com/web/index.php/auth/login
2025-04-18 16:46:18 INFO  BaseTest:47 - Driver instance created for browser: firefox Successfully
2025-04-18 16:46:22 INFO  LoginTest:19 - Login successful
2025-04-18 16:46:22 INFO  BaseTest:61 - ChromeDriver: chrome on windows (e40c0a645edf799fc4c58ee52552bcb5) Closing the browser
2025-04-18 16:46:22 INFO  LoginTest:19 - Login successful
2025-04-18 16:46:22 INFO  BaseTest:61 - EdgeDriver: MicrosoftEdge on windows (55555821b41ba86988321db29717ad02) Closing the browser
2025-04-18 16:46:23 INFO  LoginTest:17 - Navigated to URL: https://opensource-demo.orangehrmlive.com/web/index.php/auth/login
2025-04-18 16:46:25 INFO  LoginTest:19 - Login successful
2025-04-18 16:46:25 INFO  BaseTest:61 - FirefoxDriver: firefox on windows (291b2bb9-18bd-4d7a-84af-914fe5a6e3ed) Closing the browser
2025-04-18 16:47:22 INFO  BaseTest:29 - Loading properties file
2025-04-18 16:47:22 INFO  PropertyUtil:29 - Properties file loaded successfully
2025-04-18 17:02:56 INFO  BaseTest:29 - Loading properties file
2025-04-18 17:02:56 INFO  PropertyUtil:29 - Properties file loaded successfully
2025-04-18 17:03:03 INFO  BaseTest:47 - Driver instance created for browser: edge Successfully
2025-04-18 17:03:03 INFO  BaseTest:47 - Driver instance created for browser: chrome Successfully
2025-04-18 17:03:05 INFO  LoginTest:17 - Navigated to URL: https://opensource-demo.orangehrmlive.com/web/index.php/auth/login
2025-04-18 17:03:10 INFO  LoginTest:17 - Navigated to URL: https://opensource-demo.orangehrmlive.com/web/index.php/auth/login
2025-04-18 17:03:13 INFO  BaseTest:47 - Driver instance created for browser: firefox Successfully
2025-04-18 17:03:20 INFO  LoginTest:17 - Navigated to URL: https://opensource-demo.orangehrmlive.com/web/index.php/auth/login
2025-04-18 17:03:21 INFO  LoginTest:19 - Login successful
2025-04-18 17:03:21 INFO  BaseTest:61 - ChromeDriver: chrome on windows (a55ddfd8dc99613fec4ffde35f8bd125) Closing the browser
2025-04-18 17:03:22 INFO  LoginTest:19 - Login successful
2025-04-18 17:03:22 INFO  BaseTest:61 - EdgeDriver: MicrosoftEdge on windows (a173d9f29be66fc82f8828520921c1af) Closing the browser
2025-04-18 17:03:26 INFO  LoginTest:19 - Login successful
2025-04-18 17:03:26 INFO  BaseTest:61 - FirefoxDriver: firefox on windows (7a53fa42-007d-494b-ba3c-25255be68358) Closing the browser
2025-04-18 17:09:53 INFO  BaseTest:29 - Loading properties file
2025-04-18 17:09:53 INFO  PropertyUtil:29 - Properties file loaded successfully
2025-04-18 17:09:59 INFO  BaseTest:47 - Driver instance created for browser: edge Successfully
2025-04-18 17:09:59 INFO  BaseTest:47 - Driver instance created for browser: chrome Successfully
2025-04-18 17:10:01 INFO  LoginTest:17 - Navigated to URL: https://opensource-demo.orangehrmlive.com/web/index.php/auth/login
2025-04-18 17:10:01 INFO  LoginTest:17 - Navigated to URL: https://opensource-demo.orangehrmlive.com/web/index.php/auth/login
2025-04-18 17:10:09 INFO  LoginTest:19 - Login successful
2025-04-18 17:10:09 INFO  BaseTest:61 - ChromeDriver: chrome on windows (b03e77817fbd5c580111925b2bc4ffdf) Closing the browser
2025-04-18 17:10:10 INFO  LoginTest:19 - Login successful
2025-04-18 17:10:10 INFO  BaseTest:61 - EdgeDriver: MicrosoftEdge on windows (07e7196d5e8794b82a1d784947e77f6d) Closing the browser
2025-04-18 17:10:11 INFO  BaseTest:47 - Driver instance created for browser: firefox Successfully
2025-04-18 17:10:16 INFO  LoginTest:17 - Navigated to URL: https://opensource-demo.orangehrmlive.com/web/index.php/auth/login
2025-04-18 17:10:19 INFO  LoginTest:19 - Login successful
2025-04-18 17:10:19 INFO  BaseTest:61 - FirefoxDriver: firefox on windows (78bd8045-4a0f-4128-b69a-1144785c1a96) Closing the browser
2025-04-18 17:10:56 INFO  BaseTest:29 - Loading properties file
2025-04-18 17:10:56 INFO  PropertyUtil:29 - Properties file loaded successfully
2025-04-18 17:11:02 INFO  BaseTest:47 - Driver instance created for browser: chrome Successfully
2025-04-18 17:11:02 INFO  BaseTest:47 - Driver instance created for browser: edge Successfully
2025-04-18 17:11:03 INFO  LoginTest:17 - Navigated to URL: https://opensource-demo.orangehrmlive.com/web/index.php/auth/login
2025-04-18 17:11:05 INFO  LoginTest:17 - Navigated to URL: https://opensource-demo.orangehrmlive.com/web/index.php/auth/login
2025-04-18 17:11:09 INFO  LoginTest:19 - Login successful
2025-04-18 17:11:09 INFO  BaseTest:61 - ChromeDriver: chrome on windows (12bcebce0ee5d62f4e916a5805768c4a) Closing the browser
2025-04-18 17:11:09 INFO  LoginTest:19 - Login successful
2025-04-18 17:11:09 INFO  BaseTest:61 - EdgeDriver: MicrosoftEdge on windows (b4249256d80d8f0f3efa82cbda27cad3) Closing the browser
2025-04-18 17:11:10 INFO  BaseTest:47 - Driver instance created for browser: firefox Successfully
2025-04-18 17:11:17 INFO  LoginTest:17 - Navigated to URL: https://opensource-demo.orangehrmlive.com/web/index.php/auth/login
2025-04-18 17:11:21 INFO  LoginTest:19 - Login successful
2025-04-18 17:11:21 INFO  BaseTest:61 - FirefoxDriver: firefox on windows (46947b47-7090-4c86-b8c7-e13111e0285f) Closing the browser
2025-04-18 17:20:09 INFO  BaseTest:29 - Loading properties file
2025-04-18 17:20:09 INFO  PropertyUtil:29 - Properties file loaded successfully
2025-04-18 17:20:15 INFO  BaseTest:47 - Driver instance created for browser: edge Successfully
2025-04-18 17:20:15 INFO  BaseTest:47 - Driver instance created for browser: chrome Successfully
2025-04-18 17:20:17 INFO  LoginTest:17 - Navigated to URL: https://opensource-demo.orangehrmlive.com/web/index.php/auth/login
2025-04-18 17:20:18 INFO  LoginTest:17 - Navigated to URL: https://opensource-demo.orangehrmlive.com/web/index.php/auth/login
2025-04-18 17:20:25 INFO  LoginTest:19 - Login successful
2025-04-18 17:20:25 INFO  BaseTest:61 - ChromeDriver: chrome on windows (a45e43fdc10f0e272f168c768eedf247) Closing the browser
2025-04-18 17:20:25 INFO  BaseTest:47 - Driver instance created for browser: firefox Successfully
2025-04-18 17:20:28 INFO  LoginTest:19 - Login successful
2025-04-18 17:20:28 INFO  BaseTest:61 - EdgeDriver: MicrosoftEdge on windows (2e73f0091e04618183176fd97430d5ee) Closing the browser
2025-04-18 17:20:33 INFO  LoginTest:17 - Navigated to URL: https://opensource-demo.orangehrmlive.com/web/index.php/auth/login
2025-04-18 17:20:36 INFO  LoginTest:19 - Login successful
2025-04-18 17:20:36 INFO  BaseTest:61 - FirefoxDriver: firefox on windows (9d4a006c-654e-4594-b342-a869abefa13f) Closing the browser
2025-04-18 17:27:23 INFO  BaseTest:29 - Loading properties file
2025-04-18 17:27:23 INFO  PropertyUtil:29 - Properties file loaded successfully
2025-04-18 17:27:28 INFO  BaseTest:47 - Driver instance created for browser: chrome Successfully
2025-04-18 17:27:29 INFO  LoginTest:17 - Navigated to URL: https://opensource-demo.orangehrmlive.com/web/index.php/auth/login
2025-04-18 17:27:34 INFO  BaseTest:47 - Driver instance created for browser: firefox Successfully
2025-04-18 17:27:39 INFO  LoginTest:17 - Navigated to URL: https://opensource-demo.orangehrmlive.com/web/index.php/auth/login
2025-04-18 17:27:39 INFO  LoginTest:19 - Login successful
2025-04-18 17:27:39 INFO  BaseTest:61 - ChromeDriver: chrome on windows (da76aaf95cc704c872d2f1e0b6d626f5) Closing the browser
2025-04-18 17:27:43 INFO  BaseTest:47 - Driver instance created for browser: edge Successfully
2025-04-18 17:27:44 INFO  LoginTest:19 - Login successful
2025-04-18 17:27:44 INFO  BaseTest:61 - FirefoxDriver: firefox on windows (d78e088f-20a9-4faa-b7b8-4d04a58cf6c0) Closing the browser
2025-04-18 17:27:50 INFO  LoginTest:17 - Navigated to URL: https://opensource-demo.orangehrmlive.com/web/index.php/auth/login
2025-04-18 17:27:54 INFO  LoginTest:19 - Login successful
2025-04-18 17:27:54 INFO  BaseTest:61 - EdgeDriver: MicrosoftEdge on windows (b3fbee6d20daac61a1c74829d0f4e7e8) Closing the browser
2025-04-20 10:30:05 INFO  BaseTest:29 - Loading properties file
2025-04-20 10:30:05 INFO  PropertyUtil:29 - Properties file loaded successfully
2025-04-20 10:30:08 INFO  BaseTest:47 - Driver instance created for browser: chrome Successfully
2025-04-20 10:30:08 INFO  BaseTest:47 - Driver instance created for browser: edge Successfully
2025-04-20 10:30:11 INFO  BaseTest:47 - Driver instance created for browser: firefox Successfully
2025-04-20 10:30:12 INFO  LoginTest:17 - Navigated to URL: https://opensource-demo.orangehrmlive.com/web/index.php/auth/login
2025-04-20 10:30:12 INFO  LoginTest:17 - Navigated to URL: https://opensource-demo.orangehrmlive.com/web/index.php/auth/login
2025-04-20 10:30:13 INFO  LoginTest:19 - Login successful
2025-04-20 10:30:13 INFO  BaseTest:61 - ChromeDriver: chrome on windows (9419ebfa1068b08dfaf24fa548bc2c33) Closing the browser
2025-04-20 10:30:14 INFO  LoginTest:19 - Login successful
2025-04-20 10:30:14 INFO  BaseTest:61 - EdgeDriver: MicrosoftEdge on windows (b265a565799500b373f05a4e12c631ba) Closing the browser
2025-04-20 10:30:15 INFO  LoginTest:17 - Navigated to URL: https://opensource-demo.orangehrmlive.com/web/index.php/auth/login
2025-04-20 10:30:18 INFO  LoginTest:19 - Login successful
2025-04-20 10:30:18 INFO  BaseTest:61 - FirefoxDriver: firefox on windows (fcbd65de-d292-4dc7-bc72-74efb3a7fff2) Closing the browser
2025-04-20 10:36:30 INFO  BaseTest:29 - Loading properties file
2025-04-20 10:36:30 INFO  PropertyUtil:29 - Properties file loaded successfully
2025-04-20 10:36:32 INFO  BaseTest:47 - Driver instance created for browser: edge Successfully
2025-04-20 10:36:32 INFO  BaseTest:47 - Driver instance created for browser: chrome Successfully
2025-04-20 10:36:35 INFO  BaseTest:47 - Driver instance created for browser: firefox Successfully
2025-04-20 10:36:36 INFO  LoginTest:17 - Navigated to URL: https://opensource-demo.orangehrmlive.com/web/index.php/auth/login
2025-04-20 10:36:36 INFO  LoginTest:17 - Navigated to URL: https://opensource-demo.orangehrmlive.com/web/index.php/auth/login
2025-04-20 10:36:37 INFO  LoginTest:19 - Login successful
2025-04-20 10:36:37 INFO  BaseTest:61 - ChromeDriver: chrome on windows (7ad812cdefffe154a789b834fb31cd02) Closing the browser
2025-04-20 10:36:37 INFO  LoginTest:19 - Login successful
2025-04-20 10:36:37 INFO  BaseTest:61 - EdgeDriver: MicrosoftEdge on windows (56a1908ea384ca4feeee7f066de9eb0f) Closing the browser
2025-04-20 10:36:38 INFO  LoginTest:17 - Navigated to URL: https://opensource-demo.orangehrmlive.com/web/index.php/auth/login
2025-04-20 10:36:41 INFO  LoginTest:19 - Login successful
2025-04-20 10:36:41 INFO  BaseTest:61 - FirefoxDriver: firefox on windows (719e5bc9-1953-4635-a316-552de746c87d) Closing the browser
2025-04-20 10:37:59 INFO  BaseTest:29 - Loading properties file
2025-04-20 10:37:59 INFO  PropertyUtil:29 - Properties file loaded successfully
2025-04-20 10:38:02 INFO  BaseTest:47 - Driver instance created for browser: chrome Successfully
2025-04-20 10:38:04 INFO  LoginTest:17 - Navigated to URL: https://opensource-demo.orangehrmlive.com/web/index.php/auth/login
2025-04-20 10:38:06 INFO  LoginTest:19 - Login successful
2025-04-20 10:38:06 INFO  BaseTest:61 - ChromeDriver: chrome on windows (5a04def1d2bcda1481791f1be5833dc7) Closing the browser
2025-04-20 10:39:44 INFO  BaseTest:29 - Loading properties file
2025-04-20 10:39:44 INFO  PropertyUtil:29 - Properties file loaded successfully
2025-04-20 10:39:45 INFO  BaseTest:47 - Driver instance created for browser: chrome Successfully
2025-04-20 10:39:48 INFO  LoginTest:17 - Navigated to URL: https://opensource-demo.orangehrmlive.com/web/index.php/auth/login
2025-04-20 10:39:49 INFO  LoginTest:19 - Login successful
2025-04-20 10:39:49 INFO  BaseTest:61 - ChromeDriver: chrome on windows (f050d0199f779825fab3ba83f9284389) Closing the browser
2025-04-20 10:40:23 INFO  BaseTest:29 - Loading properties file
2025-04-20 10:40:23 INFO  PropertyUtil:29 - Properties file loaded successfully
2025-04-20 10:40:26 INFO  BaseTest:47 - Driver instance created for browser: edge Successfully
2025-04-20 10:40:26 INFO  BaseTest:47 - Driver instance created for browser: chrome Successfully
2025-04-20 10:40:28 INFO  BaseTest:47 - Driver instance created for browser: firefox Successfully
2025-04-20 10:40:29 INFO  LoginTest:17 - Navigated to URL: https://opensource-demo.orangehrmlive.com/web/index.php/auth/login
2025-04-20 10:40:29 INFO  LoginTest:17 - Navigated to URL: https://opensource-demo.orangehrmlive.com/web/index.php/auth/login
2025-04-20 10:40:30 INFO  LoginTest:19 - Login successful
2025-04-20 10:40:30 INFO  BaseTest:61 - ChromeDriver: chrome on windows (707ac897e148fd08b1d58dcfe476728f) Closing the browser
2025-04-20 10:40:30 INFO  LoginTest:19 - Login successful
2025-04-20 10:40:30 INFO  BaseTest:61 - EdgeDriver: MicrosoftEdge on windows (89d829bf9d78f9fe7f33f2190dadf21b) Closing the browser
2025-04-20 10:40:32 INFO  LoginTest:17 - Navigated to URL: https://opensource-demo.orangehrmlive.com/web/index.php/auth/login
2025-04-20 10:40:35 INFO  LoginTest:19 - Login successful
2025-04-20 10:40:35 INFO  BaseTest:61 - FirefoxDriver: firefox on windows (42c85c74-0333-4bf6-8f56-3ec7ed25227f) Closing the browser
2025-04-20 10:41:10 INFO  BaseTest:29 - Loading properties file
2025-04-20 10:41:10 INFO  PropertyUtil:29 - Properties file loaded successfully
2025-04-20 10:41:12 INFO  BaseTest:47 - Driver instance created for browser: chrome Successfully
2025-04-20 10:41:12 INFO  BaseTest:47 - Driver instance created for browser: edge Successfully
2025-04-20 10:41:14 INFO  BaseTest:47 - Driver instance created for browser: firefox Successfully
2025-04-20 10:41:15 INFO  LoginTest:17 - Navigated to URL: https://opensource-demo.orangehrmlive.com/web/index.php/auth/login
2025-04-20 10:41:15 INFO  LoginTest:17 - Navigated to URL: https://opensource-demo.orangehrmlive.com/web/index.php/auth/login
2025-04-20 10:41:16 INFO  LoginTest:19 - Login successful
2025-04-20 10:41:16 INFO  BaseTest:61 - ChromeDriver: chrome on windows (2d26b23f019ed22c5e746f0d669ab1fa) Closing the browser
2025-04-20 10:41:16 INFO  LoginTest:19 - Login successful
2025-04-20 10:41:16 INFO  BaseTest:61 - EdgeDriver: MicrosoftEdge on windows (ddaddcff13de81b5328d817092923eb5) Closing the browser
2025-04-20 10:41:18 INFO  LoginTest:17 - Navigated to URL: https://opensource-demo.orangehrmlive.com/web/index.php/auth/login
2025-04-20 10:41:21 INFO  LoginTest:19 - Login successful
2025-04-20 10:41:21 INFO  BaseTest:61 - FirefoxDriver: firefox on windows (0e846006-18e4-46ba-96ff-76976fa2e346) Closing the browser
2025-04-20 10:43:33 INFO  BaseTest:29 - Loading properties file
2025-04-20 10:43:33 INFO  PropertyUtil:29 - Properties file loaded successfully
2025-04-20 10:43:34 INFO  BaseTest:47 - Driver instance created for browser: chrome Successfully
2025-04-20 10:43:38 INFO  LoginTest:17 - Navigated to URL: https://opensource-demo.orangehrmlive.com/web/index.php/auth/login
2025-04-20 10:43:39 INFO  LoginTest:19 - Login successful
2025-04-20 10:43:39 INFO  BaseTest:61 - ChromeDriver: chrome on windows (ec21abcc2c196d3aff00d0f4a5802d82) Closing the browser
2025-04-20 10:44:00 INFO  BaseTest:29 - Loading properties file
2025-04-20 10:44:00 INFO  PropertyUtil:29 - Properties file loaded successfully
2025-04-20 10:44:03 INFO  BaseTest:47 - Driver instance created for browser: edge Successfully
2025-04-20 10:44:04 INFO  BaseTest:47 - Driver instance created for browser: chrome Successfully
2025-04-20 10:44:06 INFO  BaseTest:47 - Driver instance created for browser: firefox Successfully
2025-04-20 10:44:07 INFO  LoginTest:17 - Navigated to URL: https://opensource-demo.orangehrmlive.com/web/index.php/auth/login
2025-04-20 10:44:09 INFO  LoginTest:17 - Navigated to URL: https://opensource-demo.orangehrmlive.com/web/index.php/auth/login
2025-04-20 10:44:10 INFO  LoginTest:19 - Login successful
2025-04-20 10:44:10 INFO  BaseTest:61 - EdgeDriver: MicrosoftEdge on windows (c00069307b05d7ac2f244f46ecb40e82) Closing the browser
2025-04-20 10:44:11 INFO  LoginTest:17 - Navigated to URL: https://opensource-demo.orangehrmlive.com/web/index.php/auth/login
2025-04-20 10:44:12 INFO  LoginTest:19 - Login successful
2025-04-20 10:44:12 INFO  BaseTest:61 - FirefoxDriver: firefox on windows (f2c0561f-13b5-4c02-884e-697b3f89b1b1) Closing the browser
2025-04-20 10:44:13 INFO  LoginTest:19 - Login successful
2025-04-20 10:44:13 INFO  BaseTest:61 - ChromeDriver: chrome on windows (11d970b5fa81b57e82e1db3feea742fc) Closing the browser
2025-04-20 10:51:57 INFO  BaseTest:29 - Loading properties file
2025-04-20 10:51:57 INFO  PropertyUtil:29 - Properties file loaded successfully
2025-04-20 10:51:59 INFO  BaseTest:47 - Driver instance created for browser: chrome Successfully
2025-04-20 10:52:02 INFO  LoginTest:17 - Navigated to URL: https://opensource-demo.orangehrmlive.com/web/index.php/auth/login
2025-04-20 10:52:03 INFO  LoginTest:19 - Login successful
2025-04-20 10:52:03 INFO  BaseTest:61 - ChromeDriver: chrome on windows (34d590199dc578a0ae1aa9f2755668bd) Closing the browser
2025-04-20 10:54:05 INFO  BaseTest:29 - Loading properties file
2025-04-20 10:54:05 INFO  PropertyUtil:29 - Properties file loaded successfully
2025-04-20 10:54:07 INFO  BaseTest:47 - Driver instance created for browser: chrome Successfully
2025-04-20 10:54:10 INFO  LoginTest:17 - Navigated to URL: https://opensource-demo.orangehrmlive.com/web/index.php/auth/login
2025-04-20 10:54:11 INFO  LoginTest:19 - Login successful
2025-04-20 10:54:11 INFO  BaseTest:61 - ChromeDriver: chrome on windows (74318f18e5fcabb34198ba7f1fc64661) Closing the browser
2025-04-20 12:44:04 INFO  BaseTest:29 - Loading properties file
2025-04-20 12:44:04 INFO  PropertyUtil:29 - Properties file loaded successfully
2025-04-20 16:24:50 INFO  BaseTest:34 - Loading properties file
2025-04-20 16:24:50 INFO  PropertyUtil:29 - Properties file loaded successfully
2025-04-20 16:27:39 INFO  BaseTest:34 - Loading properties file
2025-04-20 16:27:39 INFO  PropertyUtil:29 - Properties file loaded successfully
2025-04-20 16:32:37 INFO  BaseTest:34 - Loading properties file
2025-04-20 16:32:37 INFO  PropertyUtil:29 - Properties file loaded successfully
2025-04-20 16:32:43 INFO  BaseTest:62 - Driver instance created for browser: chrome Successfully
2025-04-20 16:32:51 INFO  LoginTest:20 - Navigated to URL: https://opensource-demo.orangehrmlive.com/web/index.php/auth/login
2025-04-20 16:32:54 INFO  LoginTest:22 - Login successful
2025-04-20 16:32:54 INFO  BaseTest:79 - ChromeDriver: chrome on windows (c4d40db16ae9fa6f0917ea7f043a7843) Closing the browser
2025-04-20 16:32:57 INFO  BaseTest:62 - Driver instance created for browser: chrome Successfully
2025-04-20 16:33:04 INFO  LoginTest:31 - Navigated to URL: https://opensource-demo.orangehrmlive.com/web/index.php/auth/login
2025-04-20 16:33:06 INFO  LoginTest:33 - Login successful
2025-04-20 16:33:06 INFO  BaseTest:79 - ChromeDriver: chrome on windows (288afe26b32d2deec567b56529cc1ced) Closing the browser
2025-04-20 16:33:43 INFO  BaseTest:34 - Loading properties file
2025-04-20 16:33:43 INFO  PropertyUtil:29 - Properties file loaded successfully
2025-04-20 16:33:52 INFO  BaseTest:62 - Driver instance created for browser: edge Successfully
2025-04-20 16:33:52 INFO  BaseTest:62 - Driver instance created for browser: chrome Successfully
2025-04-20 16:33:56 INFO  LoginTest:20 - Navigated to URL: https://opensource-demo.orangehrmlive.com/web/index.php/auth/login
2025-04-20 16:33:57 INFO  LoginTest:20 - Navigated to URL: https://opensource-demo.orangehrmlive.com/web/index.php/auth/login
2025-04-20 16:34:04 INFO  BaseTest:62 - Driver instance created for browser: firefox Successfully
2025-04-20 16:34:07 INFO  LoginTest:22 - Login successful
2025-04-20 16:34:07 INFO  BaseTest:79 - ChromeDriver: chrome on windows (6982b90c32704f2ef0c3bf9f5c390259) Closing the browser
2025-04-20 16:34:10 INFO  LoginTest:22 - Login successful
2025-04-20 16:34:10 INFO  BaseTest:79 - EdgeDriver: MicrosoftEdge on windows (281d0591784dc9a26d6dfba3a48741fd) Closing the browser
2025-04-20 16:34:13 INFO  LoginTest:20 - Navigated to URL: https://opensource-demo.orangehrmlive.com/web/index.php/auth/login
2025-04-20 16:34:15 INFO  BaseTest:62 - Driver instance created for browser: chrome Successfully
2025-04-20 16:34:18 INFO  LoginTest:22 - Login successful
2025-04-20 16:34:18 INFO  BaseTest:79 - FirefoxDriver: firefox on windows (63f4a397-032d-4355-9138-e38b062eecdb) Closing the browser
2025-04-20 16:34:19 INFO  LoginTest:31 - Navigated to URL: https://opensource-demo.orangehrmlive.com/web/index.php/auth/login
2025-04-20 16:34:20 INFO  BaseTest:62 - Driver instance created for browser: edge Successfully
2025-04-20 16:34:23 INFO  LoginTest:33 - Login successful
2025-04-20 16:34:23 INFO  BaseTest:79 - ChromeDriver: chrome on windows (3281495ef7f7a779ad7c3b21a2c7232e) Closing the browser
2025-04-20 16:34:25 INFO  LoginTest:31 - Navigated to URL: https://opensource-demo.orangehrmlive.com/web/index.php/auth/login
2025-04-20 16:34:29 INFO  LoginTest:33 - Login successful
2025-04-20 16:34:29 INFO  BaseTest:79 - EdgeDriver: MicrosoftEdge on windows (a7f1cb9c1df5d53d3c84288459a75ad3) Closing the browser
2025-04-20 16:34:32 INFO  BaseTest:62 - Driver instance created for browser: firefox Successfully
2025-04-20 16:34:41 INFO  LoginTest:31 - Navigated to URL: https://opensource-demo.orangehrmlive.com/web/index.php/auth/login
2025-04-20 16:34:45 INFO  LoginTest:33 - Login successful
2025-04-20 16:34:45 INFO  BaseTest:79 - FirefoxDriver: firefox on windows (87870b86-54c1-4b4a-b26d-c9a0546540ce) Closing the browser
2025-04-20 16:42:45 INFO  BaseTest:34 - Loading properties file
2025-04-20 16:42:45 INFO  PropertyUtil:29 - Properties file loaded successfully
2025-04-20 16:42:52 INFO  BaseTest:62 - Driver instance created for browser: chrome Successfully
2025-04-20 16:42:52 INFO  BaseTest:62 - Driver instance created for browser: edge Successfully
2025-04-20 16:42:56 INFO  LoginTest:20 - Navigated to URL: https://opensource-demo.orangehrmlive.com/web/index.php/auth/login
2025-04-20 16:42:59 INFO  BaseTest:62 - Driver instance created for browser: firefox Successfully
2025-04-20 16:43:01 INFO  LoginTest:20 - Navigated to URL: https://opensource-demo.orangehrmlive.com/web/index.php/auth/login
2025-04-20 16:43:05 INFO  LoginTest:20 - Navigated to URL: https://opensource-demo.orangehrmlive.com/web/index.php/auth/login
2025-04-20 16:43:08 INFO  LoginTest:22 - Login successful
2025-04-20 16:43:08 INFO  BaseTest:79 - EdgeDriver: MicrosoftEdge on windows (75e7ffd101157fab6ae80f8b2714ddd2) Closing the browser
2025-04-20 16:43:08 INFO  LoginTest:22 - Login successful
2025-04-20 16:43:08 INFO  BaseTest:79 - ChromeDriver: chrome on windows (a3f356173aff4c5a884f323336c1f2a3) Closing the browser
2025-04-20 16:43:09 INFO  LoginTest:22 - Login successful
2025-04-20 16:43:09 INFO  BaseTest:79 - FirefoxDriver: firefox on windows (28fac7d9-ff2e-49d8-ab0c-83f48ab1221d) Closing the browser
2025-04-20 16:43:14 INFO  BaseTest:62 - Driver instance created for browser: chrome Successfully
2025-04-20 16:43:15 INFO  LoginTest:31 - Navigated to URL: https://opensource-demo.orangehrmlive.com/web/index.php/auth/login
2025-04-20 16:43:17 INFO  BaseTest:62 - Driver instance created for browser: edge Successfully
2025-04-20 16:43:24 INFO  BaseTest:62 - Driver instance created for browser: firefox Successfully
2025-04-20 16:43:25 INFO  LoginTest:31 - Navigated to URL: https://opensource-demo.orangehrmlive.com/web/index.php/auth/login
2025-04-20 16:43:26 INFO  LoginTest:33 - Login successful
2025-04-20 16:43:26 INFO  BaseTest:79 - ChromeDriver: chrome on windows (a5b9e31292d86a36468446cb10222a85) Closing the browser
2025-04-20 16:43:30 INFO  LoginTest:33 - Login successful
2025-04-20 16:43:30 INFO  BaseTest:79 - EdgeDriver: MicrosoftEdge on windows (3ce1ef8ed0094c8a7198e39abbeda5f7) Closing the browser
2025-04-20 16:43:31 INFO  LoginTest:31 - Navigated to URL: https://opensource-demo.orangehrmlive.com/web/index.php/auth/login
2025-04-20 16:43:35 INFO  LoginTest:33 - Login successful
2025-04-20 16:43:35 INFO  BaseTest:79 - FirefoxDriver: firefox on windows (03e1bd33-b091-4d0f-b688-aa09efeabfe8) Closing the browser
2025-04-20 16:47:27 INFO  BaseTest:34 - Loading properties file
2025-04-20 16:47:27 INFO  PropertyUtil:29 - Properties file loaded successfully
2025-04-20 16:47:35 INFO  BaseTest:62 - Driver instance created for browser: edge Successfully
2025-04-20 16:47:35 INFO  BaseTest:62 - Driver instance created for browser: chrome Successfully
2025-04-20 16:47:41 INFO  LoginTest:20 - Navigated to URL: https://opensource-demo.orangehrmlive.com/web/index.php/auth/login
2025-04-20 16:47:43 INFO  BaseTest:62 - Driver instance created for browser: firefox Successfully
2025-04-20 16:47:44 INFO  LoginTest:20 - Navigated to URL: https://opensource-demo.orangehrmlive.com/web/index.php/auth/login
2025-04-20 16:47:47 INFO  LoginTest:22 - Login successful
2025-04-20 16:47:47 INFO  BaseTest:79 - ChromeDriver: chrome on windows (1f298159ba2db170986eeb60ddf03822) Closing the browser
2025-04-20 16:47:49 INFO  LoginTest:22 - Login successful
2025-04-20 16:47:49 INFO  BaseTest:79 - EdgeDriver: MicrosoftEdge on windows (5fb996ebf9bbd6359a34bb8010b0bfbc) Closing the browser
2025-04-20 16:47:51 INFO  BaseTest:62 - Driver instance created for browser: chrome Successfully
2025-04-20 16:47:52 INFO  LoginTest:20 - Navigated to URL: https://opensource-demo.orangehrmlive.com/web/index.php/auth/login
2025-04-20 16:47:55 INFO  LoginTest:31 - Navigated to URL: https://opensource-demo.orangehrmlive.com/web/index.php/auth/login
2025-04-20 16:47:56 INFO  LoginTest:22 - Login successful
2025-04-20 16:47:56 INFO  BaseTest:79 - FirefoxDriver: firefox on windows (3d8af43d-5816-4b76-855b-8ad342949ed9) Closing the browser
2025-04-20 16:47:56 INFO  BaseTest:62 - Driver instance created for browser: edge Successfully
2025-04-20 16:47:59 INFO  LoginTest:33 - Login successful
2025-04-20 16:47:59 INFO  BaseTest:79 - ChromeDriver: chrome on windows (f70ee704a42d9ff9ec0a4bed40e29e70) Closing the browser
2025-04-20 16:48:02 INFO  LoginTest:31 - Navigated to URL: https://opensource-demo.orangehrmlive.com/web/index.php/auth/login
2025-04-20 16:48:08 INFO  LoginTest:33 - Login successful
2025-04-20 16:48:08 INFO  BaseTest:79 - EdgeDriver: MicrosoftEdge on windows (ce99efb2305139e638a640e0342ce619) Closing the browser
2025-04-20 16:48:10 INFO  BaseTest:62 - Driver instance created for browser: firefox Successfully
2025-04-20 16:48:16 INFO  LoginTest:31 - Navigated to URL: https://opensource-demo.orangehrmlive.com/web/index.php/auth/login
2025-04-20 16:48:19 INFO  LoginTest:33 - Login successful
2025-04-20 16:48:19 INFO  BaseTest:79 - FirefoxDriver: firefox on windows (b8ff5400-ea46-4bc1-b779-82f42910a937) Closing the browser
2025-04-20 18:48:50 INFO  BaseTest:34 - Loading properties file
2025-04-20 18:48:50 INFO  PropertyUtil:29 - Properties file loaded successfully
2025-04-20 18:48:57 INFO  BaseTest:63 - Driver instance created for browser: chrome Successfully
2025-04-20 18:48:57 INFO  BaseTest:63 - Driver instance created for browser: edge Successfully
2025-04-20 18:48:59 INFO  LoginTest:20 - Navigated to URL: https://opensource-demo.orangehrmlive.com/web/index.php/auth/login
2025-04-20 18:48:59 INFO  LoginTest:20 - Navigated to URL: https://opensource-demo.orangehrmlive.com/web/index.php/auth/login
2025-04-20 18:49:06 INFO  BaseTest:63 - Driver instance created for browser: firefox Successfully
2025-04-20 18:49:10 INFO  LoginTest:22 - Login successful
2025-04-20 18:49:10 INFO  BaseTest:81 - ChromeDriver: chrome on windows (45f18195c9f6f54a8ddbfd75a0887995) Closing the browser
2025-04-20 18:49:11 INFO  LoginTest:22 - Login successful
2025-04-20 18:49:11 INFO  BaseTest:81 - EdgeDriver: MicrosoftEdge on windows (7a321df8b2bc9fc664db089952af91af) Closing the browser
2025-04-20 18:49:12 INFO  LoginTest:20 - Navigated to URL: https://opensource-demo.orangehrmlive.com/web/index.php/auth/login
2025-04-20 18:49:15 INFO  LoginTest:22 - Login successful
2025-04-20 18:49:15 INFO  BaseTest:81 - FirefoxDriver: firefox on windows (834e8d23-c560-4c29-9188-4d324fa48f3c) Closing the browser
2025-04-20 18:49:18 INFO  BaseTest:63 - Driver instance created for browser: chrome Successfully
2025-04-20 18:49:22 INFO  BaseTest:63 - Driver instance created for browser: edge Successfully
2025-04-20 18:49:22 INFO  LoginTest:31 - Navigated to URL: https://opensource-demo.orangehrmlive.com/web/index.php/auth/login
2025-04-20 18:49:25 INFO  LoginTest:31 - Navigated to URL: https://opensource-demo.orangehrmlive.com/web/index.php/auth/login
2025-04-20 18:49:26 INFO  LoginTest:33 - Login successful
2025-04-20 18:49:26 INFO  BaseTest:81 - ChromeDriver: chrome on windows (1125363ccff677d656c89175cb9ccc62) Closing the browser
2025-04-20 18:49:29 INFO  LoginTest:33 - Login successful
2025-04-20 18:49:29 INFO  BaseTest:81 - EdgeDriver: MicrosoftEdge on windows (ea38c19abe2384f898ba3f77490ba7d8) Closing the browser
2025-04-20 18:49:32 INFO  BaseTest:63 - Driver instance created for browser: firefox Successfully
2025-04-20 18:49:37 INFO  LoginTest:31 - Navigated to URL: https://opensource-demo.orangehrmlive.com/web/index.php/auth/login
2025-04-20 18:49:40 INFO  LoginTest:33 - Login successful
2025-04-20 18:49:40 INFO  BaseTest:81 - FirefoxDriver: firefox on windows (abcb599f-6ace-4253-b043-ad3e397ad00d) Closing the browser
2025-04-21 22:30:25 INFO  BaseTest:34 - Loading properties file
2025-04-21 22:30:25 INFO  PropertyUtil:29 - Properties file loaded successfully
2025-04-21 22:30:32 INFO  BaseTest:63 - Driver instance created for browser: chrome Successfully
2025-04-21 22:30:36 INFO  BaseTest:63 - Driver instance created for browser: chrome Successfully
2025-04-21 22:30:37 INFO  LoginTest:20 - Navigated to URL: https://opensource-demo.orangehrmlive.com/web/index.php/auth/login
2025-04-21 22:30:39 INFO  LoginTest:31 - Navigated to URL: https://opensource-demo.orangehrmlive.com/web/index.php/auth/login
2025-04-21 22:30:40 INFO  LoginTest:22 - Login successful
2025-04-21 22:30:40 INFO  BaseTest:81 - ChromeDriver: chrome on windows (b10499984b70fae2917172ec1b41278d) Closing the browser
2025-04-21 22:30:41 INFO  LoginTest:33 - Login successful
2025-04-21 22:30:41 INFO  BaseTest:81 - ChromeDriver: chrome on windows (86509eb2b5a7049c83b16f78c691225c) Closing the browser
2025-04-21 22:30:50 INFO  BaseTest:63 - Driver instance created for browser: firefox Successfully
2025-04-21 22:30:55 INFO  LoginTest:31 - Navigated to URL: https://opensource-demo.orangehrmlive.com/web/index.php/auth/login
2025-04-21 22:30:58 INFO  LoginTest:33 - Login successful
2025-04-21 22:30:58 INFO  BaseTest:81 - FirefoxDriver: firefox on windows (bdb53115-cb70-4c6e-a21d-5890e75ce324) Closing the browser
2025-04-21 22:31:01 INFO  BaseTest:63 - Driver instance created for browser: firefox Successfully
2025-04-21 22:31:05 INFO  LoginTest:20 - Navigated to URL: https://opensource-demo.orangehrmlive.com/web/index.php/auth/login
2025-04-21 22:31:12 INFO  LoginTest:22 - Login successful
2025-04-21 22:31:12 INFO  BaseTest:81 - FirefoxDriver: firefox on windows (7ec9de32-405a-4d1a-81cb-a59c495b78b1) Closing the browser
2025-04-21 22:31:19 INFO  BaseTest:63 - Driver instance created for browser: edge Successfully
2025-04-21 22:31:23 INFO  LoginTest:20 - Navigated to URL: https://opensource-demo.orangehrmlive.com/web/index.php/auth/login
2025-04-21 22:31:25 INFO  BaseTest:63 - Driver instance created for browser: edge Successfully
2025-04-21 22:31:28 INFO  LoginTest:22 - Login successful
2025-04-21 22:31:28 INFO  BaseTest:81 - EdgeDriver: MicrosoftEdge on windows (8c6c0e872d5ffbe424697f449c8aaebf) Closing the browser
2025-04-21 22:31:29 INFO  LoginTest:31 - Navigated to URL: https://opensource-demo.orangehrmlive.com/web/index.php/auth/login
2025-04-21 22:31:32 INFO  LoginTest:33 - Login successful
2025-04-21 22:31:32 INFO  BaseTest:81 - EdgeDriver: MicrosoftEdge on windows (ccf5c1db0f54e96ff7b52cab90cdd53b) Closing the browser
2025-04-22 09:17:54 INFO  BaseTest:34 - Loading properties file
2025-04-22 09:17:54 INFO  PropertyUtil:29 - Properties file loaded successfully
2025-04-22 09:17:56 INFO  BaseTest:63 - Driver instance created for browser: chrome Successfully
2025-04-22 09:18:00 INFO  LoginTest:20 - Navigated to URL: https://opensource-demo.orangehrmlive.com/web/index.php/auth/login
2025-04-22 09:18:02 INFO  LoginTest:22 - Login successful
2025-04-22 09:18:02 INFO  BaseTest:81 - ChromeDriver: chrome on windows (b2fe90a0742dd66725481dabb005acad) Closing the browser
2025-04-22 09:18:03 INFO  BaseTest:63 - Driver instance created for browser: chrome Successfully
2025-04-22 09:18:07 INFO  LoginTest:31 - Navigated to URL: https://opensource-demo.orangehrmlive.com/web/index.php/auth/login
2025-04-22 09:18:09 INFO  LoginTest:33 - Login successful
2025-04-22 09:18:09 INFO  BaseTest:81 - ChromeDriver: chrome on windows (868bf413247a465e8201ae7303457071) Closing the browser
2025-04-22 09:22:19 INFO  BaseTest:34 - Loading properties file
2025-04-22 09:22:19 INFO  PropertyUtil:29 - Properties file loaded successfully
2025-04-22 09:22:20 INFO  BaseTest:63 - Driver instance created for browser: chrome Successfully
2025-04-22 09:22:23 INFO  LoginTest:20 - Navigated to URL: https://opensource-demo.orangehrmlive.com/web/index.php/auth/login
2025-04-22 09:22:25 INFO  LoginTest:22 - Login successful
2025-04-22 09:22:25 INFO  BaseTest:81 - ChromeDriver: chrome on windows (599577081c1716b8da13cfd658227638) Closing the browser
2025-04-22 09:22:26 INFO  BaseTest:63 - Driver instance created for browser: chrome Successfully
2025-04-22 09:22:30 INFO  LoginTest:31 - Navigated to URL: https://opensource-demo.orangehrmlive.com/web/index.php/auth/login
2025-04-22 09:22:32 INFO  LoginTest:33 - Login successful
2025-04-22 09:22:32 INFO  BaseTest:81 - ChromeDriver: chrome on windows (042be93bd71d1f48aca8270f4ca7ccaa) Closing the browser
2025-04-22 14:34:34 INFO  BaseTest:34 - Loading properties file
2025-04-22 14:34:34 INFO  PropertyUtil:29 - Properties file loaded successfully
2025-04-22 14:34:44 INFO  BaseTest:63 - Driver instance created for browser: chrome Successfully
2025-04-22 14:34:47 INFO  LoginTest:20 - Navigated to URL: https://opensource-demo.orangehrmlive.com/web/index.php/auth/login
2025-04-22 14:34:51 INFO  LoginTest:22 - Login successful
2025-04-22 14:34:51 INFO  BaseTest:81 - ChromeDriver: chrome on windows (8b49a743869da125f053e75b32418f6c) Closing the browser
2025-04-22 14:34:55 INFO  BaseTest:63 - Driver instance created for browser: chrome Successfully
2025-04-22 14:34:58 INFO  LoginTest:31 - Navigated to URL: https://opensource-demo.orangehrmlive.com/web/index.php/auth/login
2025-04-22 14:35:02 INFO  LoginTest:33 - Login successful
2025-04-22 14:35:02 INFO  BaseTest:81 - ChromeDriver: chrome on windows (48692850aeb8aefa24c32d03a1de6f14) Closing the browser
2025-04-22 21:41:47 INFO  BaseTest:34 - Loading properties file
2025-04-22 21:41:47 INFO  PropertyUtil:29 - Properties file loaded successfully
2025-04-22 21:41:51 INFO  BaseTest:63 - Driver instance created for browser: chrome Successfully
2025-04-22 21:41:55 INFO  LoginTest:20 - Navigated to URL: https://opensource-demo.orangehrmlive.com/web/index.php/auth/login
2025-04-22 21:41:58 INFO  LoginTest:22 - Login successful
2025-04-22 21:41:58 INFO  BaseTest:81 - ChromeDriver: chrome on windows (a38dab1d516ab0a162a400ff468828e6) Closing the browser
2025-04-22 21:42:00 INFO  BaseTest:63 - Driver instance created for browser: chrome Successfully
2025-04-22 21:42:03 INFO  LoginTest:31 - Navigated to URL: https://opensource-demo.orangehrmlive.com/web/index.php/auth/login
2025-04-22 21:42:06 INFO  LoginTest:33 - Login successful
2025-04-22 21:42:06 INFO  BaseTest:81 - ChromeDriver: chrome on windows (29a0d3ca9f897edd7151c7605e8534d2) Closing the browser
2025-04-22 23:18:49 INFO  BaseTest:39 - Loading properties file
2025-04-22 23:18:49 INFO  PropertyUtil:29 - Properties file loaded successfully
2025-04-22 23:18:57 INFO  BaseTest:84 - Driver instance created for browser: chrome Successfully
2025-04-22 23:19:17 INFO  BaseTest:102 - RemoteWebDriver: chrome on Windows 10 (5b572fe6afe35a5f3554d6e07383f755) Closing the browser
2025-04-22 23:19:21 INFO  BaseTest:84 - Driver instance created for browser: chrome Successfully
2025-04-22 23:19:41 INFO  BaseTest:102 - RemoteWebDriver: chrome on Windows 10 (b32962e9e64c8f7beeffd1ca4c8b208c) Closing the browser
2025-04-22 23:20:38 INFO  BaseTest:39 - Loading properties file
2025-04-22 23:20:38 INFO  PropertyUtil:29 - Properties file loaded successfully
2025-04-22 23:20:43 INFO  BaseTest:84 - Driver instance created for browser: chrome Successfully
2025-04-22 23:21:04 INFO  BaseTest:102 - RemoteWebDriver: chrome on Windows 10 (74922ba9402abddaf0a6799df995cc4e) Closing the browser
2025-04-22 23:21:09 INFO  BaseTest:84 - Driver instance created for browser: chrome Successfully
2025-04-22 23:21:29 INFO  BaseTest:102 - RemoteWebDriver: chrome on Windows 10 (024498d4a2a5fc54ea855abdcb43d690) Closing the browser
2025-04-22 23:22:07 INFO  BaseTest:39 - Loading properties file
2025-04-22 23:22:07 INFO  PropertyUtil:29 - Properties file loaded successfully
2025-04-22 23:22:11 INFO  BaseTest:84 - Driver instance created for browser: chrome Successfully
2025-04-22 23:22:32 INFO  BaseTest:102 - RemoteWebDriver: chrome on Windows 10 (5bd39275b739236bc1af992d4d217605) Closing the browser
2025-04-22 23:22:35 INFO  BaseTest:84 - Driver instance created for browser: chrome Successfully
2025-04-22 23:22:54 INFO  LoginTest:31 - Navigated to URL: https://opensource-demo.orangehrmlive.com/web/index.php/auth/login
2025-04-22 23:23:00 INFO  LoginTest:33 - Login successful
2025-04-22 23:23:00 INFO  BaseTest:102 - RemoteWebDriver: chrome on Windows 10 (0c8f35acea3c7432a2d700ffc36feb60) Closing the browser
2025-04-22 23:23:26 INFO  BaseTest:39 - Loading properties file
2025-04-22 23:23:26 INFO  PropertyUtil:29 - Properties file loaded successfully
2025-04-22 23:23:31 INFO  BaseTest:84 - Driver instance created for browser: chrome Successfully
2025-04-22 23:23:51 INFO  BaseTest:102 - ChromeDriver: chrome on windows (2a105b7a33e6ed58e161dfa3112a4b0d) Closing the browser
2025-04-22 23:23:55 INFO  BaseTest:84 - Driver instance created for browser: chrome Successfully
2025-04-22 23:24:15 INFO  BaseTest:102 - ChromeDriver: chrome on windows (52e63412a093d420444c85a62b64085f) Closing the browser
2025-04-22 23:25:52 INFO  BaseTest:39 - Loading properties file
2025-04-22 23:25:52 INFO  PropertyUtil:29 - Properties file loaded successfully
2025-04-22 23:25:59 INFO  BaseTest:85 - Driver instance created for browser: chrome Successfully
2025-04-22 23:25:59 INFO  BaseTest:85 - Driver instance created for browser: edge Successfully
2025-04-22 23:26:13 INFO  BaseTest:85 - Driver instance created for browser: firefox Successfully
2025-04-22 23:26:18 INFO  LoginTest:20 - Navigated to URL: https://opensource-demo.orangehrmlive.com/web/index.php/auth/login
2025-04-22 23:26:18 INFO  LoginTest:20 - Navigated to URL: https://opensource-demo.orangehrmlive.com/web/index.php/auth/login
2025-04-22 23:26:24 INFO  LoginTest:20 - Navigated to URL: https://opensource-demo.orangehrmlive.com/web/index.php/auth/login
2025-04-22 23:26:27 INFO  LoginTest:22 - Login successful
2025-04-22 23:26:27 INFO  BaseTest:103 - ChromeDriver: chrome on windows (4f2e7e4f484a28e4d09371005555bd22) Closing the browser
2025-04-22 23:26:28 INFO  LoginTest:22 - Login successful
2025-04-22 23:26:28 INFO  BaseTest:103 - FirefoxDriver: firefox on windows (3a94fe7d-6525-4408-8ac6-a5bf073c3544) Closing the browser
2025-04-22 23:26:28 INFO  LoginTest:22 - Login successful
2025-04-22 23:26:28 INFO  BaseTest:103 - EdgeDriver: MicrosoftEdge on windows (21003ea9eecdd22e7fbc2a0aa108b0c6) Closing the browser
2025-04-22 23:26:32 INFO  BaseTest:85 - Driver instance created for browser: chrome Successfully
2025-04-22 23:26:36 INFO  BaseTest:85 - Driver instance created for browser: edge Successfully
2025-04-22 23:26:40 INFO  LoginTest:31 - Navigated to URL: https://opensource-demo.orangehrmlive.com/web/index.php/auth/login
2025-04-22 23:26:51 INFO  LoginTest:33 - Login successful
2025-04-22 23:26:51 INFO  BaseTest:103 - ChromeDriver: chrome on windows (0a8c813313074f7aebfecb65bf047674) Closing the browser
2025-04-22 23:26:54 INFO  BaseTest:85 - Driver instance created for browser: firefox Successfully
2025-04-22 23:26:57 INFO  BaseTest:103 - EdgeDriver: MicrosoftEdge on windows (13e2f94fcd36ef601769c36a66ddd2a5) Closing the browser
2025-04-22 23:27:01 INFO  LoginTest:31 - Navigated to URL: https://opensource-demo.orangehrmlive.com/web/index.php/auth/login
2025-04-22 23:27:05 INFO  LoginTest:33 - Login successful
2025-04-22 23:27:05 INFO  BaseTest:103 - FirefoxDriver: firefox on windows (febb2069-0548-4974-83f6-6f6d230b123b) Closing the browser
2025-04-22 23:27:14 INFO  BaseTest:39 - Loading properties file
2025-04-22 23:27:14 INFO  PropertyUtil:29 - Properties file loaded successfully
2025-04-22 23:27:22 INFO  BaseTest:85 - Driver instance created for browser: chrome Successfully
2025-04-22 23:27:22 INFO  BaseTest:85 - Driver instance created for browser: edge Successfully
2025-04-22 23:27:32 INFO  BaseTest:85 - Driver instance created for browser: firefox Successfully
2025-04-22 23:27:43 INFO  BaseTest:103 - RemoteWebDriver: MicrosoftEdge on Windows 10 (22993064bdd335cd3fce630ac4d78aae) Closing the browser
2025-04-22 23:27:43 INFO  BaseTest:103 - RemoteWebDriver: chrome on Windows 10 (4b40691c2362ae4b9cb5b40027af9e24) Closing the browser
2025-04-22 23:27:46 INFO  LoginTest:20 - Navigated to URL: https://opensource-demo.orangehrmlive.com/web/index.php/auth/login
2025-04-22 23:27:47 INFO  BaseTest:85 - Driver instance created for browser: chrome Successfully
2025-04-22 23:27:52 INFO  BaseTest:85 - Driver instance created for browser: edge Successfully
2025-04-22 23:27:52 INFO  LoginTest:22 - Login successful
2025-04-22 23:27:52 INFO  BaseTest:103 - RemoteWebDriver: firefox on Windows 10 (749fe519-3ebf-4d99-b464-f40dee63f6ac) Closing the browser
2025-04-22 23:28:06 INFO  LoginTest:31 - Navigated to URL: https://opensource-demo.orangehrmlive.com/web/index.php/auth/login
2025-04-22 23:28:07 INFO  LoginTest:31 - Navigated to URL: https://opensource-demo.orangehrmlive.com/web/index.php/auth/login
2025-04-22 23:28:11 INFO  LoginTest:33 - Login successful
2025-04-22 23:28:11 INFO  BaseTest:103 - RemoteWebDriver: chrome on Windows 10 (c94172d8c61c64ac75684137d4728787) Closing the browser
2025-04-22 23:28:12 INFO  LoginTest:33 - Login successful
2025-04-22 23:28:12 INFO  BaseTest:103 - RemoteWebDriver: MicrosoftEdge on Windows 10 (ea98c61cf1c2f2ec1a7087886c24fd04) Closing the browser
2025-04-22 23:28:13 INFO  BaseTest:85 - Driver instance created for browser: firefox Successfully
2025-04-22 23:28:31 INFO  LoginTest:31 - Navigated to URL: https://opensource-demo.orangehrmlive.com/web/index.php/auth/login
2025-04-22 23:28:34 INFO  LoginTest:33 - Login successful
2025-04-22 23:28:34 INFO  BaseTest:103 - RemoteWebDriver: firefox on Windows 10 (3d3a03a4-5160-4ec4-b103-730ef54e4f76) Closing the browser
2025-04-23 06:47:10 INFO  BaseTest:40 - Loading properties file
2025-04-23 06:47:10 INFO  PropertyUtil:29 - Properties file loaded successfully
2025-04-23 06:47:23 INFO  BaseTest:87 - Driver instance created for browser: chrome Successfully
2025-04-23 06:47:34 INFO  LoginTest:20 - Navigated to URL: https://opensource-demo.orangehrmlive.com/web/index.php/auth/login
2025-04-23 06:47:44 ERROR LoginPage:46 - Login failed: no such window: target window already closed
from unknown error: web view not found
  (Session info: chrome=135.0.7049.96)
Build info: version: '4.30.0', revision: '509c7f17cc*'
System info: os.name: 'Windows 10', os.arch: 'amd64', os.version: '10.0', java.version: '17.0.10'
Driver info: org.openqa.selenium.chrome.ChromeDriver
Command: [639de27cd07ff080967106ca56502f3e, findElement {value=input[name='username'], using=css selector}]
Capabilities {acceptInsecureCerts: false, browserName: chrome, browserVersion: 135.0.7049.96, chrome: {chromedriverVersion: 135.0.7049.97 (b41307079c9b..., userDataDir: C:\Users\Momitha\AppData\Lo...}, fedcm:accounts: true, goog:chromeOptions: {debuggerAddress: localhost:52229}, networkConnectionEnabled: false, pageLoadStrategy: normal, platformName: windows, proxy: Proxy(), se:cdp: ws://localhost:52229/devtoo..., se:cdpVersion: 135.0.7049.96, setWindowRect: true, strictFileInteractability: false, timeouts: {implicit: 0, pageLoad: 300000, script: 30000}, unhandledPromptBehavior: dismiss and notify, webauthn:extension:credBlob: true, webauthn:extension:largeBlob: true, webauthn:extension:minPinLength: true, webauthn:extension:prf: true, webauthn:virtualAuthenticators: true}
Session ID: 639de27cd07ff080967106ca56502f3e
2025-04-23 06:47:44 INFO  BaseTest:105 - ChromeDriver: chrome on windows (639de27cd07ff080967106ca56502f3e) Closing the browser
2025-04-23 06:47:46 INFO  BaseTest:40 - Loading properties file
2025-04-23 06:47:46 INFO  PropertyUtil:29 - Properties file loaded successfully
2025-04-23 06:47:48 INFO  BaseTest:87 - Driver instance created for browser: chrome Successfully
2025-04-23 06:47:55 INFO  BaseTest:87 - Driver instance created for browser: chrome Successfully
2025-04-23 06:48:07 INFO  LoginTest:20 - Navigated to URL: https://opensource-demo.orangehrmlive.com/web/index.php/auth/login
2025-04-23 06:48:09 INFO  BaseTest:105 - ChromeDriver: chrome on windows (b6e3801d5e0c10d6f98963d2c7fb5c00) Closing the browser
2025-04-23 06:48:18 INFO  LoginTest:22 - Login successful
2025-04-23 06:48:18 INFO  BaseTest:105 - RemoteWebDriver: chrome on Windows 10 (c18f41f2a295c5e92d84f5a6e4a0c6d5) Closing the browser
2025-04-23 06:48:22 INFO  BaseTest:87 - Driver instance created for browser: chrome Successfully
2025-04-23 06:48:42 INFO  BaseTest:105 - RemoteWebDriver: chrome on Windows 10 (995fe2e6fb521f6104663c549094ef43) Closing the browser
2025-04-23 21:07:40 INFO  BaseTest:40 - Loading properties file
2025-04-23 21:07:40 INFO  PropertyUtil:29 - Properties file loaded successfully
2025-04-23 21:07:52 INFO  BaseTest:87 - Driver instance created for browser: edge Successfully
2025-04-23 21:07:52 INFO  BaseTest:87 - Driver instance created for browser: chrome Successfully
2025-04-23 21:08:04 INFO  BaseTest:87 - Driver instance created for browser: firefox Successfully
2025-04-23 21:08:13 INFO  BaseTest:105 - RemoteWebDriver: chrome on Windows 10 (049542e7ca3321751deabafbdd23c22e) Closing the browser
2025-04-23 21:08:13 INFO  BaseTest:105 - RemoteWebDriver: MicrosoftEdge on Windows 10 (14da1041046f5d7c1adf5e05c08b311d) Closing the browser
2025-04-23 21:08:17 INFO  LoginTest:20 - Navigated to URL: https://opensource-demo.orangehrmlive.com/web/index.php/auth/login
2025-04-23 21:08:20 INFO  BaseTest:87 - Driver instance created for browser: chrome Successfully
2025-04-23 21:08:23 INFO  LoginTest:22 - Login successful
2025-04-23 21:08:23 INFO  BaseTest:105 - RemoteWebDriver: firefox on Windows 10 (ae77c640-6d7c-416f-aa94-49c4c3888fef) Closing the browser
2025-04-23 21:08:26 INFO  BaseTest:87 - Driver instance created for browser: edge Successfully
2025-04-23 21:08:36 INFO  LoginTest:31 - Navigated to URL: https://opensource-demo.orangehrmlive.com/web/index.php/auth/login
2025-04-23 21:08:41 INFO  LoginTest:33 - Login successful
2025-04-23 21:08:41 INFO  BaseTest:105 - RemoteWebDriver: chrome on Windows 10 (fb718930f3f8d91709c1240c0e6749f1) Closing the browser
2025-04-23 21:08:44 INFO  BaseTest:87 - Driver instance created for browser: firefox Successfully
2025-04-23 21:08:47 INFO  BaseTest:105 - RemoteWebDriver: MicrosoftEdge on Windows 10 (5b47ebf8fcc9d1f2274c16096eff1052) Closing the browser
2025-04-23 21:09:01 INFO  LoginTest:31 - Navigated to URL: https://opensource-demo.orangehrmlive.com/web/index.php/auth/login
2025-04-23 21:09:04 INFO  LoginTest:33 - Login successful
2025-04-23 21:09:04 INFO  BaseTest:105 - RemoteWebDriver: firefox on Windows 10 (2231506e-2538-4122-8f89-4a18b771dcc5) Closing the browser
2025-04-23 21:16:25 INFO  BaseTest:40 - Loading properties file
2025-04-23 21:16:25 INFO  PropertyUtil:29 - Properties file loaded successfully
2025-04-23 21:16:32 INFO  BaseTest:87 - Driver instance created for browser: chrome Successfully
2025-04-23 21:16:53 INFO  BaseTest:105 - RemoteWebDriver: chrome on Windows 10 (7a53d19b5158d898bb52b65f96cde6fe) Closing the browser
2025-04-23 21:16:57 INFO  BaseTest:87 - Driver instance created for browser: chrome Successfully
2025-04-23 21:17:17 INFO  BaseTest:105 - RemoteWebDriver: chrome on Windows 10 (a6b083ac05520f4719068f68fb8fbe50) Closing the browser
2025-05-03 08:45:44 INFO  BaseTest:40 - Loading properties file
2025-05-03 08:45:44 INFO  PropertyUtil:29 - Properties file loaded successfully
2025-05-03 08:47:55 INFO  BaseTest:40 - Loading properties file
2025-05-03 08:47:55 INFO  PropertyUtil:29 - Properties file loaded successfully
2025-05-03 08:48:57 INFO  BaseTest:40 - Loading properties file
2025-05-03 08:48:57 INFO  PropertyUtil:29 - Properties file loaded successfully
2025-05-03 08:59:33 INFO  BaseTest:40 - Loading properties file
2025-05-03 08:59:33 INFO  PropertyUtil:29 - Properties file loaded successfully
2025-05-03 08:59:59 INFO  BaseTest:40 - Loading properties file
2025-05-03 08:59:59 INFO  PropertyUtil:29 - Properties file loaded successfully
2025-05-03 09:18:15 INFO  BaseTest:40 - Loading properties file
2025-05-03 09:18:31 INFO  PropertyUtil:29 - Properties file loaded successfully
2025-05-03 09:24:07 INFO  BaseTest:40 - Loading properties file
2025-05-03 09:24:07 INFO  PropertyUtil:29 - Properties file loaded successfully
2025-05-03 09:24:14 INFO  BaseTest:87 - Driver instance created for browser: chrome Successfully
2025-05-03 09:24:18 INFO  LoginTest:20 - Navigated to URL: https://opensource-demo.orangehrmlive.com/web/index.php/auth/login
2025-05-03 09:24:22 INFO  LoginTest:22 - Login successful
2025-05-03 09:24:22 INFO  BaseTest:105 - RemoteWebDriver: chrome on Windows 10 (63ed8c24a174ed15c68b3b8fd6d70267) Closing the browser
2025-05-03 09:24:25 INFO  BaseTest:87 - Driver instance created for browser: chrome Successfully
2025-05-03 09:24:29 INFO  LoginTest:31 - Navigated to URL: https://opensource-demo.orangehrmlive.com/web/index.php/auth/login
2025-05-03 09:24:33 INFO  LoginTest:33 - Login successful
2025-05-03 09:24:33 INFO  BaseTest:105 - RemoteWebDriver: chrome on Windows 10 (ef318355df3307daab60f3422e913f4c) Closing the browser
2025-05-03 09:25:16 INFO  BaseTest:40 - Loading properties file
2025-05-03 09:25:16 INFO  PropertyUtil:29 - Properties file loaded successfully
2025-05-03 09:30:07 INFO  BaseTest:40 - Loading properties file
2025-05-03 09:30:07 INFO  PropertyUtil:29 - Properties file loaded successfully
2025-05-03 09:30:11 INFO  BaseTest:87 - Driver instance created for browser: chrome Successfully
2025-05-03 09:30:15 INFO  LoginTest:20 - Navigated to URL: https://opensource-demo.orangehrmlive.com/web/index.php/auth/login
2025-05-03 09:30:19 INFO  LoginTest:22 - Login successful
2025-05-03 09:30:19 INFO  BaseTest:105 - RemoteWebDriver: chrome on Windows 10 (f6291e3bcfd92603022d742bb0618e8d) Closing the browser
2025-05-03 09:30:22 INFO  BaseTest:87 - Driver instance created for browser: chrome Successfully
2025-05-03 09:30:26 INFO  LoginTest:31 - Navigated to URL: https://opensource-demo.orangehrmlive.com/web/index.php/auth/login
2025-05-03 09:30:29 INFO  LoginTest:33 - Login successful
2025-05-03 09:30:29 INFO  BaseTest:105 - RemoteWebDriver: chrome on Windows 10 (7fde168d9b66ae82b7aee94e98339b09) Closing the browser
2025-05-03 09:30:55 INFO  BaseTest:40 - Loading properties file
2025-05-03 09:30:55 INFO  PropertyUtil:29 - Properties file loaded successfully
2025-05-03 09:30:59 INFO  BaseTest:87 - Driver instance created for browser: chrome Successfully
2025-05-03 09:31:00 INFO  BaseTest:105 - RemoteWebDriver: chrome on Windows 10 (d5a3dab4a01e9aa0625c7d709fd74d5d) Closing the browser
2025-05-03 09:35:24 INFO  BaseTest:40 - Loading properties file
2025-05-03 09:35:24 INFO  PropertyUtil:29 - Properties file loaded successfully
2025-05-03 09:36:10 INFO  BaseTest:40 - Loading properties file
2025-05-03 09:36:10 INFO  PropertyUtil:29 - Properties file loaded successfully
2025-05-03 09:36:14 INFO  BaseTest:87 - Driver instance created for browser: chrome Successfully
2025-05-03 09:36:21 INFO  WindowsPage:26 - Clicked on the button to open new tab
2025-05-03 09:36:22 INFO  BaseTest:105 - RemoteWebDriver: chrome on Windows 10 (0ed74091eb0cc1c70c61d4e086a3ace7) Closing the browser
2025-05-03 09:42:46 INFO  BaseTest:40 - Loading properties file
2025-05-03 09:42:46 INFO  PropertyUtil:29 - Properties file loaded successfully
2025-05-03 09:42:50 INFO  BaseTest:87 - Driver instance created for browser: chrome Successfully
2025-05-03 09:43:00 INFO  WindowsPage:26 - Clicked on the button to open new tab
2025-05-03 09:53:06 INFO  BaseTest:40 - Loading properties file
2025-05-03 09:53:06 INFO  PropertyUtil:29 - Properties file loaded successfully
2025-05-03 09:53:09 INFO  BaseTest:87 - Driver instance created for browser: chrome Successfully
2025-05-03 09:53:20 INFO  WindowsPage:26 - Clicked on the button to open new tab
2025-05-03 09:53:22 INFO  LoginTest:42 - Clicked on the downloads linkDownloads | Selenium
2025-05-03 10:09:21 INFO  BaseTest:40 - Loading properties file
2025-05-03 10:09:21 INFO  PropertyUtil:29 - Properties file loaded successfully
2025-05-03 10:09:23 INFO  BaseTest:87 - Driver instance created for browser: chrome Successfully
2025-05-03 10:09:28 INFO  WindowsPage:37 - Clicked on the button to open new separate window
2025-05-03 10:09:30 INFO  LoginTest:68 - Clicked on the downloads link: Downloads | Selenium
2025-05-03 10:10:35 INFO  BaseTest:40 - Loading properties file
2025-05-03 10:10:35 INFO  PropertyUtil:29 - Properties file loaded successfully
2025-05-03 10:10:36 INFO  BaseTest:87 - Driver instance created for browser: chrome Successfully
2025-05-03 10:10:41 INFO  WindowsPage:42 - Clicked on the button to open new multiple window
2025-05-03 10:11:04 INFO  BaseTest:40 - Loading properties file
2025-05-03 10:11:04 INFO  PropertyUtil:29 - Properties file loaded successfully
2025-05-03 10:11:05 INFO  BaseTest:87 - Driver instance created for browser: chrome Successfully
2025-05-03 10:11:10 INFO  WindowsPage:42 - Clicked on the button to open new multiple window
2025-05-03 10:11:32 INFO  BaseTest:40 - Loading properties file
2025-05-03 10:11:32 INFO  PropertyUtil:29 - Properties file loaded successfully
2025-05-03 10:11:44 INFO  BaseTest:40 - Loading properties file
2025-05-03 10:11:44 INFO  PropertyUtil:29 - Properties file loaded successfully
2025-05-03 10:12:25 INFO  BaseTest:40 - Loading properties file
2025-05-03 10:12:25 INFO  PropertyUtil:29 - Properties file loaded successfully
2025-05-03 10:13:13 INFO  BaseTest:40 - Loading properties file
2025-05-03 10:13:13 INFO  PropertyUtil:29 - Properties file loaded successfully
2025-05-03 10:13:15 INFO  BaseTest:87 - Driver instance created for browser: chrome Successfully
2025-05-03 10:13:18 INFO  WindowsPage:42 - Clicked on the button to open new multiple window
2025-05-03 10:13:20 INFO  LoginTest:94 - Clicked on the downloads link: Downloads | Selenium
2025-05-03 10:24:40 INFO  BaseTest:40 - Loading properties file
2025-05-03 10:24:40 INFO  PropertyUtil:29 - Properties file loaded successfully
2025-05-03 10:24:42 INFO  BaseTest:87 - Driver instance created for browser: chrome Successfully
2025-05-03 10:24:45 INFO  WindowsPage:42 - Clicked on the button to open new multiple window
2025-05-03 10:24:47 INFO  LoginTest:94 - Clicked on the downloads link: Downloads | Selenium
2025-05-03 10:24:47 INFO  BaseTest:105 - RemoteWebDriver: chrome on Windows 10 (9c3b302b3ca5b7f83d8babd0e8e9b5fe) Closing the browser
2025-05-03 10:24:48 INFO  BaseTest:87 - Driver instance created for browser: chrome Successfully
2025-05-03 10:24:54 INFO  WindowsPage:37 - Clicked on the button to open new separate window
2025-05-03 10:24:55 INFO  LoginTest:68 - Clicked on the downloads link: Downloads | Selenium
2025-05-03 10:24:55 INFO  BaseTest:105 - RemoteWebDriver: chrome on Windows 10 (4171b23e122dc111169e29738af5b78e) Closing the browser
2025-05-03 10:24:56 INFO  BaseTest:87 - Driver instance created for browser: chrome Successfully
2025-05-03 10:25:01 INFO  WindowsPage:32 - Clicked on the button to open new tabbed window
2025-05-03 10:25:02 INFO  LoginTest:42 - Clicked on the downloads link: Downloads | Selenium
2025-05-03 10:25:02 INFO  BaseTest:105 - RemoteWebDriver: chrome on Windows 10 (1dc9551ca3b15d7e4f364839e7d4b63b) Closing the browser
2025-05-03 15:43:27 INFO  BaseTest:40 - Loading properties file
2025-05-03 15:43:27 INFO  PropertyUtil:29 - Properties file loaded successfully
2025-05-03 15:43:30 INFO  BaseTest:87 - Driver instance created for browser: chrome Successfully
2025-05-03 15:43:40 INFO  WindowsPage:42 - Clicked on the button to open new multiple window
2025-05-03 15:43:43 INFO  LoginTest:91 - Clicked on the downloads link: Downloads | Selenium
2025-05-03 15:43:43 INFO  BaseTest:105 - RemoteWebDriver: chrome on Windows 10 (53d667afcef16938ba5919008c244385) Closing the browser
2025-05-03 15:43:47 INFO  BaseTest:87 - Driver instance created for browser: chrome Successfully
2025-05-03 15:43:55 INFO  WindowsPage:37 - Clicked on the button to open new separate window
2025-05-03 15:43:56 INFO  LoginTest:62 - Window: Frames & windows
2025-05-03 15:43:56 INFO  LoginTest:62 - Window: Frames & windows
2025-05-03 15:43:58 INFO  LoginTest:71 - Clicked on the downloads link: Downloads | Selenium
2025-05-03 15:43:58 INFO  BaseTest:105 - RemoteWebDriver: chrome on Windows 10 (839186ee164fb5a2935dfb458419a099) Closing the browser
2025-05-03 15:44:02 INFO  BaseTest:87 - Driver instance created for browser: chrome Successfully
2025-05-03 15:44:11 INFO  WindowsPage:32 - Clicked on the button to open new tabbed window
2025-05-03 15:44:12 INFO  LoginTest:44 - Clicked on the downloads link: Downloads | Selenium
2025-05-03 15:44:12 INFO  BaseTest:105 - RemoteWebDriver: chrome on Windows 10 (dfb637b5e4dba5997f7bf3b16262d3f0) Closing the browser
2025-05-03 15:47:38 INFO  BaseTest:40 - Loading properties file
2025-05-03 15:47:38 INFO  PropertyUtil:29 - Properties file loaded successfully
2025-05-03 15:47:42 INFO  BaseTest:87 - Driver instance created for browser: chrome Successfully
2025-05-03 15:47:50 INFO  WindowsPage:42 - Clicked on the button to open new multiple window
2025-05-03 15:47:51 INFO  LoginTest:96 - Switching to window: Frames & windows
2025-05-03 15:47:51 INFO  LoginTest:96 - Switching to window: Frames & windows
2025-05-03 15:47:52 INFO  LoginTest:96 - Switching to window: Selenium
2025-05-03 15:47:52 INFO  BaseTest:105 - RemoteWebDriver: chrome on Windows 10 (60a3c4be5eb5c898e23738ad29cae935) Closing the browser
2025-05-03 15:55:46 INFO  BaseTest:40 - Loading properties file
2025-05-03 15:55:46 INFO  PropertyUtil:29 - Properties file loaded successfully
2025-05-03 15:55:49 INFO  BaseTest:87 - Driver instance created for browser: chrome Successfully
2025-05-03 15:55:58 INFO  WindowsPage:42 - Clicked on the button to open new multiple window
2025-05-03 15:55:59 INFO  PropertyUtil:16 - Switching to window: Frames & windows
2025-05-03 15:55:59 INFO  PropertyUtil:16 - Switching to window: Frames & windows
2025-05-03 15:56:04 INFO  LoginTest:91 - Clicked on the downloads link: Downloads | Selenium
2025-05-03 15:56:04 INFO  BaseTest:105 - RemoteWebDriver: chrome on Windows 10 (9de38644ffcc8a36cce009371089f767) Closing the browser
2025-05-03 16:28:27 INFO  BaseTest:40 - Loading properties file
2025-05-03 16:28:27 INFO  PropertyUtil:29 - Properties file loaded successfully
2025-05-03 16:28:30 INFO  BaseTest:87 - Driver instance created for browser: chrome Successfully
2025-05-03 16:28:40 INFO  WindowsPage:42 - Clicked on the button to open new multiple window
2025-05-03 16:28:41 INFO  SeleniumUtil:20 - Switching to window: Frames & windows
2025-05-03 16:28:41 INFO  SeleniumUtil:20 - Switching to window: Frames & windows
2025-05-03 16:28:43 INFO  LoginTest:83 - Clicked on the downloads link: Downloads | Selenium
2025-05-03 16:28:43 INFO  BaseTest:105 - RemoteWebDriver: chrome on Windows 10 (1cdb59d68a0090f0b5559db31ba98fb3) Closing the browser
2025-05-03 16:33:37 INFO  BaseTest:40 - Loading properties file
2025-05-03 16:33:37 INFO  PropertyUtil:29 - Properties file loaded successfully
2025-05-03 16:33:41 INFO  BaseTest:87 - Driver instance created for browser: chrome Successfully
2025-05-03 16:33:51 INFO  WindowsPage:45 - Clicked on the button to open new multiple window
2025-05-03 16:33:52 INFO  SeleniumUtil:20 - Switching to window: Frames & windows
2025-05-03 16:33:52 INFO  SeleniumUtil:20 - Switching to window: Frames & windows
2025-05-03 16:33:54 INFO  WindowsPage:50 - Clicked on the downloads link: Downloads | Selenium
2025-05-03 16:33:54 INFO  BaseTest:105 - RemoteWebDriver: chrome on Windows 10 (7b2bc1d670b9bc4e2490029fe7e89d5b) Closing the browser
2025-05-03 16:34:40 INFO  BaseTest:40 - Loading properties file
2025-05-03 16:34:40 INFO  PropertyUtil:29 - Properties file loaded successfully
2025-05-03 16:34:44 INFO  BaseTest:87 - Driver instance created for browser: chrome Successfully
2025-05-03 16:34:54 INFO  WindowsPage:45 - Clicked on the button to open new multiple window
2025-05-03 16:34:54 INFO  SeleniumUtil:20 - Switching to window: Frames & windows
2025-05-03 16:34:55 INFO  SeleniumUtil:20 - Switching to window: Frames & windows
2025-05-03 16:34:56 INFO  WindowsPage:50 - Clicked on the downloads link: Downloads | Selenium
2025-05-03 16:34:57 INFO  BaseTest:105 - RemoteWebDriver: chrome on Windows 10 (6f5c339e09ee5aa4af215aef221a9c6b) Closing the browser
2025-05-03 22:18:48 INFO  BaseTest:40 - Loading properties file
2025-05-03 22:18:48 INFO  PropertyUtil:29 - Properties file loaded successfully
2025-05-03 22:18:50 INFO  BaseTest:87 - Driver instance created for browser: chrome Successfully
2025-05-03 22:18:50 INFO  BaseTest:105 - RemoteWebDriver: chrome on Windows 10 (b1f0a5dcdf17b6b276da32c3e0b2412c) Closing the browser
2025-05-03 22:21:51 INFO  BaseTest:40 - Loading properties file
2025-05-03 22:21:51 INFO  PropertyUtil:29 - Properties file loaded successfully
2025-05-03 22:21:52 INFO  BaseTest:87 - Driver instance created for browser: chrome Successfully
2025-05-03 22:22:00 INFO  FrameTest:17 - Navigated to URL: https://demo.automationtesting.in/Frames.html
2025-05-03 22:22:00 INFO  FrameTest:21 - Switched to frame: singleframe
2025-05-03 22:22:00 INFO  BaseTest:105 - RemoteWebDriver: chrome on Windows 10 (6b087e889a9d9accd2246e7668786b29) Closing the browser
2025-05-03 22:22:33 INFO  BaseTest:40 - Loading properties file
2025-05-03 22:22:33 INFO  PropertyUtil:29 - Properties file loaded successfully
2025-05-03 22:22:35 INFO  BaseTest:87 - Driver instance created for browser: chrome Successfully
2025-05-03 22:22:38 INFO  FrameTest:17 - Navigated to URL: https://demo.automationtesting.in/Frames.html
2025-05-03 22:22:38 INFO  FrameTest:21 - Switched to frame: singleframe
2025-05-03 22:46:09 INFO  BaseTest:40 - Loading properties file
2025-05-03 22:46:09 INFO  PropertyUtil:29 - Properties file loaded successfully
2025-05-03 22:56:03 INFO  BaseTest:40 - Loading properties file
2025-05-03 22:56:03 INFO  PropertyUtil:29 - Properties file loaded successfully
2025-05-03 22:56:55 INFO  BaseTest:40 - Loading properties file
2025-05-03 22:56:55 INFO  PropertyUtil:29 - Properties file loaded successfully
2025-05-03 22:58:04 INFO  BaseTest:40 - Loading properties file
2025-05-03 22:58:04 INFO  PropertyUtil:29 - Properties file loaded successfully
2025-05-03 22:58:08 INFO  BaseTest:87 - Driver instance created for browser: chrome Successfully
2025-05-03 22:58:12 INFO  FrameTest:18 - Navigated to URL: https://demo.automationtesting.in/Frames.html
2025-05-03 22:58:12 INFO  FrameTest:22 - Switched to frame: singleframe
2025-05-03 22:59:00 INFO  BaseTest:40 - Loading properties file
2025-05-03 22:59:00 INFO  PropertyUtil:29 - Properties file loaded successfully
2025-05-03 22:59:04 INFO  BaseTest:87 - Driver instance created for browser: chrome Successfully
2025-05-03 22:59:07 INFO  FrameTest:32 - Navigated to URL: https://demo.automationtesting.in/Frames.html
2025-05-03 22:59:07 INFO  FrameTest:36 - Clicked on the Iframe with in an Iframe tab
2025-05-03 23:02:49 INFO  BaseTest:40 - Loading properties file
2025-05-03 23:02:49 INFO  PropertyUtil:29 - Properties file loaded successfully
2025-05-03 23:02:53 INFO  BaseTest:87 - Driver instance created for browser: chrome Successfully
2025-05-03 23:02:56 INFO  FrameTest:32 - Navigated to URL: https://demo.automationtesting.in/Frames.html
2025-05-03 23:02:56 INFO  FrameTest:36 - Clicked on the Iframe with in an Iframe tab
